<?xml version="1.0" encoding="UTF-8"?>
<!-- Generated by org.testng.reporters.JUnitXMLReporter -->
<testsuite ignored="3" hostname="DESKTOP-TL0SH1A" failures="0" tests="2" name="Test" time="64.897" errors="0" timestamp="2022-12-08T17:50:27 IST">
  <testcase classname="com.inetbanking.testCases.TC_LoginTest" name="LoginTest" time="1.924"/>
  <testcase classname="com.inetbanking.testCases.TC_AddCustomerTest" name="addNewCustomer" time="25.506"/>
  <testcase classname="com.inetbanking.PageObjects.BaseClass" name="@BeforeTest beforeTest" time="0.0">
    <ignored/>
  </testcase> <!-- @BeforeTest beforeTest -->
  <testcase classname="com.inetbanking.PageObjects.BaseClass" name="@AfterTest afterTest" time="0.0">
    <ignored/>
  </testcase> <!-- @AfterTest afterTest -->
  <testcase classname="com.inetbanking.PageObjects.BaseClass" name="@BeforeSuite beforeSuite" time="0.0">
    <ignored/>
  </testcase> <!-- @BeforeSuite beforeSuite -->
</testsuite> <!-- Test -->
