<?xml version="1.0" encoding="UTF-8"?>
<testng-results ignored="3" total="5" passed="2" failed="0" skipped="0">
  <reporter-output>
  </reporter-output>
  <suite started-at="2022-12-08T17:49:22 IST" name="Suite" finished-at="2022-12-08T17:50:27 IST" duration-ms="64897">
    <groups>
    </groups>
    <test started-at="2022-12-08T17:49:22 IST" name="Test" finished-at="2022-12-08T17:50:27 IST" duration-ms="64897">
      <class name="com.inetbanking.testCases.TC_AddCustomerTest">
        <test-method is-config="true" signature="setup()[pri:0, instance:com.inetbanking.testCases.TC_AddCustomerTest@34123d65]" started-at="2022-12-08T17:49:49 IST" name="setup" finished-at="2022-12-08T17:49:53 IST" duration-ms="4626" status="PASS">
          <reporter-output>
          </reporter-output>
        </test-method> <!-- setup -->
        <test-method signature="addNewCustomer()[pri:0, instance:com.inetbanking.testCases.TC_AddCustomerTest@34123d65]" started-at="2022-12-08T17:49:53 IST" name="addNewCustomer" finished-at="2022-12-08T17:50:19 IST" duration-ms="25506" status="PASS">
          <reporter-output>
          </reporter-output>
        </test-method> <!-- addNewCustomer -->
        <test-method is-config="true" signature="tearDown()[pri:0, instance:com.inetbanking.testCases.TC_AddCustomerTest@34123d65]" started-at="2022-12-08T17:50:19 IST" name="tearDown" finished-at="2022-12-08T17:50:27 IST" duration-ms="7993" status="PASS">
          <reporter-output>
          </reporter-output>
        </test-method> <!-- tearDown -->
      </class> <!-- com.inetbanking.testCases.TC_AddCustomerTest -->
      <class name="com.inetbanking.testCases.TC_LoginTest">
        <test-method is-config="true" signature="beforeSuite()[pri:0, instance:com.inetbanking.testCases.TC_LoginTest@5656be13]" started-at="2022-12-08T17:49:22 IST" name="beforeSuite" finished-at="2022-12-08T17:49:22 IST" duration-ms="327" status="PASS">
          <reporter-output>
          </reporter-output>
        </test-method> <!-- beforeSuite -->
        <test-method is-config="true" signature="beforeTest()[pri:0, instance:com.inetbanking.testCases.TC_LoginTest@5656be13]" started-at="2022-12-08T17:49:22 IST" name="beforeTest" finished-at="2022-12-08T17:49:22 IST" duration-ms="5" status="PASS">
          <reporter-output>
          </reporter-output>
        </test-method> <!-- beforeTest -->
        <test-method is-config="true" signature="setup()[pri:0, instance:com.inetbanking.testCases.TC_LoginTest@5656be13]" started-at="2022-12-08T17:49:22 IST" name="setup" finished-at="2022-12-08T17:49:46 IST" duration-ms="24038" status="PASS">
          <reporter-output>
          </reporter-output>
        </test-method> <!-- setup -->
        <test-method signature="LoginTest()[pri:0, instance:com.inetbanking.testCases.TC_LoginTest@5656be13]" started-at="2022-12-08T17:49:46 IST" name="LoginTest" finished-at="2022-12-08T17:49:48 IST" duration-ms="1924" status="PASS">
          <reporter-output>
          </reporter-output>
        </test-method> <!-- LoginTest -->
        <test-method is-config="true" signature="tearDown()[pri:0, instance:com.inetbanking.testCases.TC_LoginTest@5656be13]" started-at="2022-12-08T17:49:48 IST" name="tearDown" finished-at="2022-12-08T17:49:48 IST" duration-ms="339" status="PASS">
          <reporter-output>
          </reporter-output>
        </test-method> <!-- tearDown -->
        <test-method is-config="true" signature="afterTest()[pri:0, instance:com.inetbanking.testCases.TC_LoginTest@5656be13]" started-at="2022-12-08T17:50:27 IST" name="afterTest" finished-at="2022-12-08T17:50:27 IST" duration-ms="413" status="PASS">
          <reporter-output>
          </reporter-output>
        </test-method> <!-- afterTest -->
      </class> <!-- com.inetbanking.testCases.TC_LoginTest -->
    </test> <!-- Test -->
  </suite> <!-- Suite -->
</testng-results>
